Watching for file changes with StatReloader
[12/Jul/2026 17:20:26] "GET /login/ HTTP/1.1" 200 1447
[12/Jul/2026 17:22:10] "GET /login/ HTTP/1.1" 200 1447
[12/Jul/2026 17:27:21] "GET /login/ HTTP/1.1" 200 1447
[12/Jul/2026 17:28:10] "GET / HTTP/1.1" 302 0
[12/Jul/2026 17:28:10] "GET /login/ HTTP/1.1" 200 1447
[12/Jul/2026 17:28:11] "GET /static/css/responsive.css HTTP/1.1" 200 2133
[12/Jul/2026 17:28:11] "GET /static/css/styles.css HTTP/1.1" 200 11245
[12/Jul/2026 17:28:11] "GET /static/img/mainlogo.webp HTTP/1.1" 200 21134
[12/Jul/2026 17:28:24] "POST /login/ HTTP/1.1" 302 0
[12/Jul/2026 17:28:24] "GET /pedidos/ HTTP/1.1" 200 6241
[12/Jul/2026 17:28:24] "GET /static/js/pedidos.js HTTP/1.1" 200 9553
[12/Jul/2026 17:28:43] "POST /api/pedidos/crear-item/ HTTP/1.1" 200 274
[12/Jul/2026 17:28:50] "POST /api/pedidos/eliminar-item/ HTTP/1.1" 200 206
Not Found: /api/pedidos/eliminar-item/
[12/Jul/2026 17:28:52] "POST /api/pedidos/eliminar-item/ HTTP/1.1" 404 3863
Not Found: /api/pedidos/eliminar-item/
[12/Jul/2026 17:28:55] "POST /api/pedidos/eliminar-item/ HTTP/1.1" 404 3863
Not Found: /api/pedidos/eliminar-item/
[12/Jul/2026 17:28:55] "POST /api/pedidos/eliminar-item/ HTTP/1.1" 404 3863
Not Found: /api/pedidos/eliminar-item/
[12/Jul/2026 17:28:55] "POST /api/pedidos/eliminar-item/ HTTP/1.1" 404 3863
[12/Jul/2026 17:28:59] "POST /api/pedidos/limpiar/ HTTP/1.1" 200 59
[12/Jul/2026 17:29:11] "POST /api/pedidos/crear-item/ HTTP/1.1" 200 150
[12/Jul/2026 17:29:16] "POST /api/pedidos/crear-item/ HTTP/1.1" 200 269
[12/Jul/2026 17:29:22] "POST /api/pedidos/crear-item/ HTTP/1.1" 200 269
[12/Jul/2026 17:29:29] "POST /api/pedidos/crear-item/ HTTP/1.1" 200 391
[12/Jul/2026 17:29:39] "POST /api/pedidos/crear-item/ HTTP/1.1" 200 394
[12/Jul/2026 17:29:42] "POST /api/pedidos/crear-item/ HTTP/1.1" 200 522
[12/Jul/2026 17:30:11] "GET /static/css/styles.css HTTP/1.1" 304 0
[12/Jul/2026 17:30:11] "GET /static/css/responsive.css HTTP/1.1" 304 0
Not Found: /.well-known/appspecific/com.chrome.devtools.json
[12/Jul/2026 17:30:11] "GET /.well-known/appspecific/com.chrome.devtools.json HTTP/1.1" 404 5944
[12/Jul/2026 17:30:18] "POST /api/pedidos/limpiar/ HTTP/1.1" 200 59
